<?xml version="1.0" encoding="UTF-8"?>
<coverage generated="1705847452937" clover="3.2.0">
  <project timestamp="1705847452937" name="All files">
    <metrics statements="209" coveredstatements="201" conditionals="101" coveredconditionals="92" methods="64" coveredmethods="63" elements="374" coveredelements="356" complexity="0" loc="209" ncloc="209" packages="12" files="16" classes="16"/>
    <package name="domain.cliente.entities">
      <metrics statements="7" coveredstatements="7" conditionals="1" coveredconditionals="1" methods="2" coveredmethods="2"/>
      <file name="cliente.ts" path="D:\Projects\estudos\postech-ms-pedido\src\domain\cliente\entities\cliente.ts">
        <metrics statements="7" coveredstatements="7" conditionals="1" coveredconditionals="1" methods="2" coveredmethods="2"/>
        <line num="1" count="4" type="stmt"/>
        <line num="2" count="4" type="stmt"/>
        <line num="14" count="4" type="stmt"/>
        <line num="24" count="17" type="stmt"/>
        <line num="25" count="17" type="stmt"/>
        <line num="29" count="10" type="cond" truecount="1" falsecount="0"/>
        <line num="30" count="10" type="stmt"/>
      </file>
    </package>
    <package name="domain.cliente.usecases">
      <metrics statements="11" coveredstatements="8" conditionals="8" coveredconditionals="7" methods="2" coveredmethods="2"/>
      <file name="cadastrarCliente.usecase.ts" path="D:\Projects\estudos\postech-ms-pedido\src\domain\cliente\usecases\cadastrarCliente.usecase.ts">
        <metrics statements="11" coveredstatements="8" conditionals="8" coveredconditionals="7" methods="2" coveredmethods="2"/>
        <line num="3" count="1" type="stmt"/>
        <line num="4" count="1" type="stmt"/>
        <line num="6" count="1" type="stmt"/>
        <line num="7" count="1" type="stmt"/>
        <line num="12" count="1" type="stmt"/>
        <line num="14" count="2" type="stmt"/>
        <line num="17" count="2" type="cond" truecount="4" falsecount="0"/>
        <line num="18" count="1" type="cond" truecount="3" falsecount="0"/>
        <line num="19" count="0" type="cond" truecount="0" falsecount="1"/>
        <line num="21" count="0" type="stmt"/>
        <line num="22" count="0" type="stmt"/>
      </file>
    </package>
    <package name="domain.item.entities">
      <metrics statements="9" coveredstatements="9" conditionals="1" coveredconditionals="1" methods="2" coveredmethods="2"/>
      <file name="item.ts" path="D:\Projects\estudos\postech-ms-pedido\src\domain\item\entities\item.ts">
        <metrics statements="9" coveredstatements="9" conditionals="1" coveredconditionals="1" methods="2" coveredmethods="2"/>
        <line num="3" count="4" type="stmt"/>
        <line num="4" count="4" type="stmt"/>
        <line num="6" count="4" type="stmt"/>
        <line num="8" count="4" type="stmt"/>
        <line num="21" count="4" type="stmt"/>
        <line num="31" count="16" type="stmt"/>
        <line num="32" count="16" type="stmt"/>
        <line num="36" count="13" type="cond" truecount="1" falsecount="0"/>
        <line num="37" count="13" type="stmt"/>
      </file>
    </package>
    <package name="domain.item.usecases">
      <metrics statements="8" coveredstatements="8" conditionals="1" coveredconditionals="0" methods="3" coveredmethods="3"/>
      <file name="editarItem.usecase.ts" path="D:\Projects\estudos\postech-ms-pedido\src\domain\item\usecases\editarItem.usecase.ts">
        <metrics statements="8" coveredstatements="8" conditionals="1" coveredconditionals="0" methods="3" coveredmethods="3"/>
        <line num="4" count="1" type="stmt"/>
        <line num="13" count="1" type="stmt"/>
        <line num="14" count="1" type="stmt"/>
        <line num="17" count="1" type="stmt"/>
        <line num="20" count="1" type="stmt"/>
        <line num="21" count="7" type="stmt"/>
        <line num="23" count="1" type="cond" truecount="0" falsecount="1"/>
        <line num="24" count="1" type="stmt"/>
      </file>
    </package>
    <package name="domain.pedido.entities">
      <metrics statements="9" coveredstatements="9" conditionals="0" coveredconditionals="0" methods="3" coveredmethods="3"/>
      <file name="pedido.ts" path="D:\Projects\estudos\postech-ms-pedido\src\domain\pedido\entities\pedido.ts">
        <metrics statements="9" coveredstatements="9" conditionals="0" coveredconditionals="0" methods="3" coveredmethods="3"/>
        <line num="3" count="2" type="stmt"/>
        <line num="5" count="2" type="stmt"/>
        <line num="21" count="2" type="stmt"/>
        <line num="29" count="2" type="stmt"/>
        <line num="30" count="2" type="stmt"/>
        <line num="31" count="2" type="stmt"/>
        <line num="35" count="2" type="stmt"/>
        <line num="36" count="2" type="stmt"/>
        <line num="37" count="2" type="stmt"/>
      </file>
    </package>
    <package name="infra.database.memory.cliente.repositories">
      <metrics statements="42" coveredstatements="42" conditionals="28" coveredconditionals="28" methods="12" coveredmethods="12"/>
      <file name="clientesMemoria.repository.ts" path="D:\Projects\estudos\postech-ms-pedido\src\infra\database\memory\cliente\repositories\clientesMemoria.repository.ts">
        <metrics statements="42" coveredstatements="42" conditionals="28" coveredconditionals="28" methods="12" coveredmethods="12"/>
        <line num="9" count="4" type="stmt"/>
        <line num="11" count="4" type="stmt"/>
        <line num="13" count="4" type="stmt"/>
        <line num="15" count="4" type="stmt"/>
        <line num="18" count="6" type="cond" truecount="2" falsecount="0"/>
        <line num="22" count="30" type="stmt"/>
        <line num="26" count="2" type="stmt"/>
        <line num="27" count="2" type="cond" truecount="1" falsecount="0"/>
        <line num="28" count="1" type="stmt"/>
        <line num="29" count="1" type="stmt"/>
        <line num="34" count="15" type="cond" truecount="2" falsecount="0"/>
        <line num="39" count="15" type="cond" truecount="1" falsecount="0"/>
        <line num="40" count="1" type="stmt"/>
        <line num="44" count="14" type="cond" truecount="2" falsecount="0"/>
        <line num="49" count="14" type="cond" truecount="1" falsecount="0"/>
        <line num="50" count="1" type="stmt"/>
        <line num="54" count="13" type="cond" truecount="2" falsecount="0"/>
        <line num="59" count="13" type="cond" truecount="1" falsecount="0"/>
        <line num="60" count="1" type="stmt"/>
        <line num="63" count="12" type="stmt"/>
        <line num="68" count="12" type="cond" truecount="3" falsecount="0"/>
        <line num="69" count="11" type="cond" truecount="1" falsecount="0"/>
        <line num="70" count="11" type="stmt"/>
        <line num="71" count="11" type="stmt"/>
        <line num="72" count="11" type="stmt"/>
        <line num="73" count="11" type="stmt"/>
        <line num="77" count="2" type="stmt"/>
        <line num="78" count="2" type="cond" truecount="1" falsecount="0"/>
        <line num="79" count="1" type="stmt"/>
        <line num="80" count="1" type="stmt"/>
        <line num="81" count="6" type="stmt"/>
        <line num="83" count="1" type="stmt"/>
        <line num="87" count="17" type="stmt"/>
        <line num="89" count="10" type="stmt"/>
        <line num="90" count="10" type="stmt"/>
        <line num="92" count="10" type="cond" truecount="3" falsecount="0"/>
        <line num="94" count="10" type="stmt"/>
        <line num="100" count="25" type="stmt"/>
        <line num="101" count="4" type="stmt"/>
        <line num="102" count="4" type="cond" truecount="1" falsecount="0"/>
        <line num="109" count="3" type="stmt"/>
        <line num="111" count="22" type="stmt"/>
      </file>
    </package>
    <package name="infra.database.memory.cliente.seeders">
      <metrics statements="12" coveredstatements="11" conditionals="0" coveredconditionals="0" methods="4" coveredmethods="4"/>
      <file name="cliente.seeder.ts" path="D:\Projects\estudos\postech-ms-pedido\src\infra\database\memory\cliente\seeders\cliente.seeder.ts">
        <metrics statements="12" coveredstatements="11" conditionals="0" coveredconditionals="0" methods="4" coveredmethods="4"/>
        <line num="4" count="3" type="stmt"/>
        <line num="6" count="3" type="stmt"/>
        <line num="8" count="3" type="stmt"/>
        <line num="9" count="3" type="stmt"/>
        <line num="14" count="2" type="stmt"/>
        <line num="15" count="2" type="stmt"/>
        <line num="18" count="2" type="stmt"/>
        <line num="19" count="2" type="stmt"/>
        <line num="20" count="10" type="stmt"/>
        <line num="21" count="10" type="stmt"/>
        <line num="25" count="2" type="stmt"/>
        <line num="27" count="0" type="stmt"/>
      </file>
    </package>
    <package name="infra.database.memory.item.repositories">
      <metrics statements="35" coveredstatements="35" conditionals="23" coveredconditionals="21" methods="12" coveredmethods="12"/>
      <file name="itemMemoria.repository.ts" path="D:\Projects\estudos\postech-ms-pedido\src\infra\database\memory\item\repositories\itemMemoria.repository.ts">
        <metrics statements="35" coveredstatements="35" conditionals="23" coveredconditionals="21" methods="12" coveredmethods="12"/>
        <line num="9" count="4" type="stmt"/>
        <line num="11" count="4" type="stmt"/>
        <line num="13" count="4" type="stmt"/>
        <line num="15" count="4" type="stmt"/>
        <line num="18" count="5" type="cond" truecount="2" falsecount="0"/>
        <line num="22" count="6" type="stmt"/>
        <line num="23" count="38" type="cond" truecount="3" falsecount="0"/>
        <line num="24" count="38" type="cond" truecount="2" falsecount="0"/>
        <line num="29" count="2" type="stmt"/>
        <line num="30" count="2" type="cond" truecount="1" falsecount="0"/>
        <line num="31" count="1" type="stmt"/>
        <line num="32" count="1" type="stmt"/>
        <line num="36" count="15" type="cond" truecount="1" falsecount="0"/>
        <line num="44" count="1" type="stmt"/>
        <line num="47" count="14" type="stmt"/>
        <line num="48" count="14" type="stmt"/>
        <line num="49" count="14" type="cond" truecount="1" falsecount="0"/>
        <line num="50" count="14" type="stmt"/>
        <line num="51" count="14" type="stmt"/>
        <line num="55" count="3" type="stmt"/>
        <line num="56" count="3" type="cond" truecount="1" falsecount="0"/>
        <line num="57" count="2" type="stmt"/>
        <line num="58" count="2" type="stmt"/>
        <line num="59" count="2" type="stmt"/>
        <line num="60" count="18" type="stmt"/>
        <line num="62" count="2" type="stmt"/>
        <line num="66" count="7" type="stmt"/>
        <line num="68" count="6" type="stmt"/>
        <line num="69" count="6" type="stmt"/>
        <line num="71" count="6" type="cond" truecount="3" falsecount="0"/>
        <line num="73" count="6" type="stmt"/>
        <line num="79" count="1" type="stmt"/>
        <line num="80" count="1" type="stmt"/>
        <line num="82" count="1" type="cond" truecount="1" falsecount="2"/>
        <line num="84" count="1" type="stmt"/>
      </file>
    </package>
    <package name="infra.database.memory.item.seeders">
      <metrics statements="11" coveredstatements="10" conditionals="0" coveredconditionals="0" methods="4" coveredmethods="4"/>
      <file name="item.seeder.ts" path="D:\Projects\estudos\postech-ms-pedido\src\infra\database\memory\item\seeders\item.seeder.ts">
        <metrics statements="11" coveredstatements="10" conditionals="0" coveredconditionals="0" methods="4" coveredmethods="4"/>
        <line num="4" count="2" type="stmt"/>
        <line num="6" count="2" type="stmt"/>
        <line num="8" count="2" type="stmt"/>
        <line num="9" count="2" type="stmt"/>
        <line num="14" count="1" type="stmt"/>
        <line num="15" count="1" type="stmt"/>
        <line num="18" count="1" type="stmt"/>
        <line num="19" count="12" type="stmt"/>
        <line num="20" count="12" type="stmt"/>
        <line num="24" count="1" type="stmt"/>
        <line num="26" count="0" type="stmt"/>
      </file>
    </package>
    <package name="infra.database.memory.pedido.repositories">
      <metrics statements="33" coveredstatements="30" conditionals="21" coveredconditionals="20" methods="12" coveredmethods="11"/>
      <file name="pedidosMemoria.repository.ts" path="D:\Projects\estudos\postech-ms-pedido\src\infra\database\memory\pedido\repositories\pedidosMemoria.repository.ts">
        <metrics statements="33" coveredstatements="30" conditionals="21" coveredconditionals="20" methods="12" coveredmethods="11"/>
        <line num="3" count="2" type="stmt"/>
        <line num="4" count="2" type="stmt"/>
        <line num="5" count="2" type="stmt"/>
        <line num="7" count="2" type="stmt"/>
        <line num="9" count="2" type="stmt"/>
        <line num="12" count="2" type="cond" truecount="2" falsecount="0"/>
        <line num="16" count="5" type="stmt"/>
        <line num="17" count="5" type="stmt"/>
        <line num="19" count="4" type="cond" truecount="3" falsecount="0"/>
        <line num="20" count="4" type="cond" truecount="2" falsecount="0"/>
        <line num="23" count="0" type="stmt"/>
        <line num="24" count="0" type="stmt"/>
        <line num="25" count="0" type="stmt"/>
        <line num="30" count="2" type="stmt"/>
        <line num="31" count="2" type="cond" truecount="1" falsecount="0"/>
        <line num="32" count="1" type="stmt"/>
        <line num="33" count="1" type="stmt"/>
        <line num="37" count="2" type="cond" truecount="4" falsecount="0"/>
        <line num="38" count="1" type="stmt"/>
        <line num="39" count="1" type="cond" truecount="1" falsecount="0"/>
        <line num="40" count="1" type="stmt"/>
        <line num="41" count="1" type="stmt"/>
        <line num="45" count="1" type="stmt"/>
        <line num="46" count="1" type="cond" truecount="0" falsecount="1"/>
        <line num="47" count="1" type="stmt"/>
        <line num="48" count="1" type="stmt"/>
        <line num="49" count="5" type="stmt"/>
        <line num="51" count="1" type="stmt"/>
        <line num="55" count="2" type="stmt"/>
        <line num="57" count="2" type="stmt"/>
        <line num="58" count="2" type="stmt"/>
        <line num="60" count="2" type="cond" truecount="3" falsecount="0"/>
        <line num="62" count="2" type="stmt"/>
      </file>
    </package>
    <package name="shared.adapters">
      <metrics statements="8" coveredstatements="8" conditionals="2" coveredconditionals="0" methods="3" coveredmethods="3"/>
      <file name="jsonDataReader.ts" path="D:\Projects\estudos\postech-ms-pedido\src\shared\adapters\jsonDataReader.ts">
        <metrics statements="8" coveredstatements="8" conditionals="2" coveredconditionals="0" methods="3" coveredmethods="3"/>
        <line num="2" count="3" type="stmt"/>
        <line num="8" count="3" type="stmt"/>
        <line num="10" count="3" type="stmt"/>
        <line num="11" count="3" type="stmt"/>
        <line num="12" count="3" type="cond" truecount="0" falsecount="1"/>
        <line num="13" count="3" type="cond" truecount="0" falsecount="1"/>
        <line num="14" count="3" type="stmt"/>
        <line num="15" count="3" type="stmt"/>
      </file>
    </package>
    <package name="shared.exceptions">
      <metrics statements="24" coveredstatements="24" conditionals="16" coveredconditionals="14" methods="5" coveredmethods="5"/>
      <file name="cpfInvalido.exception.ts" path="D:\Projects\estudos\postech-ms-pedido\src\shared\exceptions\cpfInvalido.exception.ts">
        <metrics statements="3" coveredstatements="3" conditionals="0" coveredconditionals="0" methods="1" coveredmethods="1"/>
        <line num="1" count="2" type="stmt"/>
        <line num="3" count="2" type="stmt"/>
        <line num="5" count="1" type="stmt"/>
      </file>
      <file name="dtoValidationError.exception.ts" path="D:\Projects\estudos\postech-ms-pedido\src\shared\exceptions\dtoValidationError.exception.ts">
        <metrics statements="6" coveredstatements="6" conditionals="0" coveredconditionals="0" methods="2" coveredmethods="2"/>
        <line num="1" count="3" type="stmt"/>
        <line num="3" count="3" type="stmt"/>
        <line num="5" count="2" type="stmt"/>
        <line num="6" count="2" type="stmt"/>
        <line num="8" count="2" type="stmt"/>
        <line num="12" count="2" type="stmt"/>
      </file>
      <file name="index.ts" path="D:\Projects\estudos\postech-ms-pedido\src\shared\exceptions\index.ts">
        <metrics statements="9" coveredstatements="9" conditionals="0" coveredconditionals="0" methods="0" coveredmethods="0"/>
        <line num="1" count="1" type="stmt"/>
        <line num="2" count="1" type="stmt"/>
        <line num="3" count="1" type="stmt"/>
        <line num="4" count="1" type="stmt"/>
        <line num="5" count="1" type="stmt"/>
        <line num="6" count="1" type="stmt"/>
        <line num="7" count="1" type="stmt"/>
        <line num="8" count="1" type="stmt"/>
        <line num="9" count="1" type="stmt"/>
      </file>
      <file name="registroExistente.exception.ts" path="D:\Projects\estudos\postech-ms-pedido\src\shared\exceptions\registroExistente.exception.ts">
        <metrics statements="3" coveredstatements="3" conditionals="8" coveredconditionals="7" methods="1" coveredmethods="1"/>
        <line num="1" count="6" type="stmt"/>
        <line num="3" count="6" type="stmt"/>
        <line num="5" count="5" type="cond" truecount="7" falsecount="1"/>
      </file>
      <file name="registroInexistente.exception.ts" path="D:\Projects\estudos\postech-ms-pedido\src\shared\exceptions\registroInexistente.exception.ts">
        <metrics statements="3" coveredstatements="3" conditionals="8" coveredconditionals="7" methods="1" coveredmethods="1"/>
        <line num="1" count="6" type="stmt"/>
        <line num="3" count="6" type="stmt"/>
        <line num="5" count="5" type="cond" truecount="7" falsecount="1"/>
      </file>
    </package>
  </project>
</coverage>
