{"D:\\Projects\\estudos\\postech-ms-pedido\\src\\domain\\cliente\\entities\\cliente.ts": {"path":"D:\\Projects\\estudos\\postech-ms-pedido\\src\\domain\\cliente\\entities\\cliente.ts","statementMap":{"0":{"start":{"line":1,"column":0},"end":{"line":1,"column":32}},"1":{"start":{"line":2,"column":0},"end":{"line":2,"column":58}},"2":{"start":{"line":24,"column":4},"end":{"line":24,"column":12}},"3":{"start":{"line":25,"column":4},"end":{"line":25,"column":31}},"4":{"start":{"line":29,"column":4},"end":{"line":31,"column":null}},"5":{"start":{"line":30,"column":6},"end":{"line":30,"column":24}},"6":{"start":{"line":14,"column":0},"end":{"line":14,"column":13}}},"fnMap":{"0":{"name":"(anonymous_0)","decl":{"start":{"line":23,"column":2},"end":{"line":23,"column":14}},"loc":{"start":{"line":23,"column":33},"end":{"line":26,"column":3}}},"1":{"name":"(anonymous_1)","decl":{"start":{"line":28,"column":2},"end":{"line":28,"column":12}},"loc":{"start":{"line":28,"column":12},"end":{"line":32,"column":3}}}},"branchMap":{"0":{"loc":{"start":{"line":29,"column":4},"end":{"line":31,"column":null}},"type":"if","locations":[{"start":{"line":29,"column":4},"end":{"line":31,"column":null}}]}},"s":{"0":4,"1":4,"2":17,"3":17,"4":10,"5":10,"6":4},"f":{"0":17,"1":10},"b":{"0":[10]}}
,"D:\\Projects\\estudos\\postech-ms-pedido\\src\\domain\\cliente\\usecases\\cadastrarCliente.usecase.ts": {"path":"D:\\Projects\\estudos\\postech-ms-pedido\\src\\domain\\cliente\\usecases\\cadastrarCliente.usecase.ts","statementMap":{"0":{"start":{"line":3,"column":0},"end":{"line":3,"column":89}},"1":{"start":{"line":4,"column":0},"end":{"line":4,"column":59}},"2":{"start":{"line":6,"column":0},"end":{"line":6,"column":80}},"3":{"start":{"line":7,"column":0},"end":{"line":7,"column":55}},"4":{"start":{"line":14,"column":33},"end":{"line":14,"column":64}},"5":{"start":{"line":17,"column":8},"end":{"line":17,"column":129}},"6":{"start":{"line":17,"column":54},"end":{"line":17,"column":129}},"7":{"start":{"line":18,"column":8},"end":{"line":18,"column":null}},"8":{"start":{"line":18,"column":49},"end":{"line":18,"column":null}},"9":{"start":{"line":19,"column":8},"end":{"line":19,"column":55}},"10":{"start":{"line":19,"column":22},"end":{"line":19,"column":55}},"11":{"start":{"line":21,"column":21},"end":{"line":21,"column":39}},"12":{"start":{"line":22,"column":8},"end":{"line":22,"column":45}},"13":{"start":{"line":12,"column":0},"end":{"line":12,"column":13}}},"fnMap":{"0":{"name":"(anonymous_7)","decl":{"start":{"line":14,"column":4},"end":{"line":14,"column":33}},"loc":{"start":{"line":14,"column":64},"end":{"line":14,"column":67}}},"1":{"name":"(anonymous_8)","decl":{"start":{"line":16,"column":10},"end":{"line":16,"column":17}},"loc":{"start":{"line":16,"column":44},"end":{"line":23,"column":null}}}},"branchMap":{"0":{"loc":{"start":{"line":17,"column":8},"end":{"line":17,"column":129}},"type":"if","locations":[{"start":{"line":17,"column":8},"end":{"line":17,"column":129}}]},"1":{"loc":{"start":{"line":17,"column":11},"end":{"line":17,"column":52}},"type":"binary-expr","locations":[{"start":{"line":17,"column":11},"end":{"line":17,"column":21}},{"start":{"line":17,"column":25},"end":{"line":17,"column":37}},{"start":{"line":17,"column":41},"end":{"line":17,"column":52}}]},"2":{"loc":{"start":{"line":18,"column":8},"end":{"line":18,"column":null}},"type":"if","locations":[{"start":{"line":18,"column":8},"end":{"line":18,"column":null}}]},"3":{"loc":{"start":{"line":18,"column":11},"end":{"line":18,"column":47}},"type":"binary-expr","locations":[{"start":{"line":18,"column":11},"end":{"line":18,"column":20}},{"start":{"line":18,"column":24},"end":{"line":18,"column":47}}]},"4":{"loc":{"start":{"line":19,"column":8},"end":{"line":19,"column":55}},"type":"if","locations":[{"start":{"line":19,"column":8},"end":{"line":19,"column":55}}]}},"s":{"0":1,"1":1,"2":1,"3":1,"4":2,"5":2,"6":1,"7":1,"8":1,"9":0,"10":0,"11":0,"12":0,"13":1},"f":{"0":2,"1":2},"b":{"0":[1],"1":[2,1,1],"2":[1],"3":[1,1],"4":[0]}}
,"D:\\Projects\\estudos\\postech-ms-pedido\\src\\domain\\item\\entities\\item.ts": {"path":"D:\\Projects\\estudos\\postech-ms-pedido\\src\\domain\\item\\entities\\item.ts","statementMap":{"0":{"start":{"line":3,"column":0},"end":{"line":3,"column":34}},"1":{"start":{"line":4,"column":0},"end":{"line":4,"column":58}},"2":{"start":{"line":6,"column":13},"end":{"line":6,"column":null}},"3":{"start":{"line":8,"column":13},"end":{"line":8,"column":null}},"4":{"start":{"line":31,"column":4},"end":{"line":31,"column":12}},"5":{"start":{"line":32,"column":4},"end":{"line":32,"column":31}},"6":{"start":{"line":36,"column":4},"end":{"line":38,"column":null}},"7":{"start":{"line":37,"column":6},"end":{"line":37,"column":24}},"8":{"start":{"line":21,"column":0},"end":{"line":21,"column":13}}},"fnMap":{"0":{"name":"(anonymous_0)","decl":{"start":{"line":30,"column":2},"end":{"line":30,"column":14}},"loc":{"start":{"line":30,"column":30},"end":{"line":33,"column":3}}},"1":{"name":"(anonymous_1)","decl":{"start":{"line":35,"column":2},"end":{"line":35,"column":12}},"loc":{"start":{"line":35,"column":12},"end":{"line":39,"column":3}}}},"branchMap":{"0":{"loc":{"start":{"line":36,"column":4},"end":{"line":38,"column":null}},"type":"if","locations":[{"start":{"line":36,"column":4},"end":{"line":38,"column":null}}]}},"s":{"0":4,"1":4,"2":4,"3":4,"4":16,"5":16,"6":13,"7":13,"8":4},"f":{"0":16,"1":13},"b":{"0":[13]}}
,"D:\\Projects\\estudos\\postech-ms-pedido\\src\\domain\\item\\usecases\\editarItem.usecase.ts": {"path":"D:\\Projects\\estudos\\postech-ms-pedido\\src\\domain\\item\\usecases\\editarItem.usecase.ts","statementMap":{"0":{"start":{"line":4,"column":0},"end":{"line":4,"column":95}},"1":{"start":{"line":14,"column":31},"end":{"line":14,"column":59}},"2":{"start":{"line":17,"column":17},"end":{"line":19,"column":6}},"3":{"start":{"line":20,"column":4},"end":{"line":22,"column":null}},"4":{"start":{"line":21,"column":6},"end":{"line":21,"column":null}},"5":{"start":{"line":23,"column":4},"end":{"line":23,"column":null}},"6":{"start":{"line":23,"column":15},"end":{"line":23,"column":null}},"7":{"start":{"line":24,"column":4},"end":{"line":24,"column":null}},"8":{"start":{"line":13,"column":0},"end":{"line":13,"column":13}}},"fnMap":{"0":{"name":"(anonymous_7)","decl":{"start":{"line":14,"column":2},"end":{"line":14,"column":31}},"loc":{"start":{"line":14,"column":59},"end":{"line":14,"column":63}}},"1":{"name":"(anonymous_8)","decl":{"start":{"line":16,"column":8},"end":{"line":16,"column":15}},"loc":{"start":{"line":16,"column":42},"end":{"line":25,"column":null}}},"2":{"name":"(anonymous_10)","decl":{"start":{"line":20,"column":34},"end":{"line":20,"column":35}},"loc":{"start":{"line":20,"column":51},"end":{"line":22,"column":5}}}},"branchMap":{"0":{"loc":{"start":{"line":23,"column":4},"end":{"line":23,"column":null}},"type":"if","locations":[{"start":{"line":23,"column":4},"end":{"line":23,"column":null}}]}},"s":{"0":1,"1":1,"2":1,"3":1,"4":7,"5":1,"6":0,"7":1,"8":1},"f":{"0":1,"1":1,"2":7},"b":{"0":[0]}}
,"D:\\Projects\\estudos\\postech-ms-pedido\\src\\domain\\pedido\\entities\\pedido.ts": {"path":"D:\\Projects\\estudos\\postech-ms-pedido\\src\\domain\\pedido\\entities\\pedido.ts","statementMap":{"0":{"start":{"line":3,"column":0},"end":{"line":3,"column":60}},"1":{"start":{"line":5,"column":13},"end":{"line":5,"column":null}},"2":{"start":{"line":29,"column":4},"end":{"line":29,"column":null}},"3":{"start":{"line":30,"column":4},"end":{"line":30,"column":null}},"4":{"start":{"line":31,"column":4},"end":{"line":31,"column":38}},"5":{"start":{"line":35,"column":4},"end":{"line":38,"column":null}},"6":{"start":{"line":36,"column":8},"end":{"line":36,"column":null}},"7":{"start":{"line":37,"column":8},"end":{"line":37,"column":null}},"8":{"start":{"line":21,"column":0},"end":{"line":21,"column":13}}},"fnMap":{"0":{"name":"(anonymous_0)","decl":{"start":{"line":28,"column":2},"end":{"line":28,"column":14}},"loc":{"start":{"line":28,"column":32},"end":{"line":32,"column":3}}},"1":{"name":"(anonymous_1)","decl":{"start":{"line":34,"column":2},"end":{"line":34,"column":15}},"loc":{"start":{"line":34,"column":15},"end":{"line":39,"column":3}}},"2":{"name":"(anonymous_2)","decl":{"start":{"line":35,"column":29},"end":{"line":35,"column":30}},"loc":{"start":{"line":35,"column":43},"end":{"line":38,"column":7}}}},"branchMap":{},"s":{"0":2,"1":2,"2":2,"3":2,"4":2,"5":2,"6":2,"7":2,"8":2},"f":{"0":2,"1":2,"2":2},"b":{}}
,"D:\\Projects\\estudos\\postech-ms-pedido\\src\\infra\\database\\memory\\cliente\\repositories\\clientesMemoria.repository.ts": {"path":"D:\\Projects\\estudos\\postech-ms-pedido\\src\\infra\\database\\memory\\cliente\\repositories\\clientesMemoria.repository.ts","statementMap":{"0":{"start":{"line":9,"column":0},"end":{"line":9,"column":91}},"1":{"start":{"line":11,"column":0},"end":{"line":11,"column":95}},"2":{"start":{"line":18,"column":4},"end":{"line":18,"column":null}},"3":{"start":{"line":22,"column":4},"end":{"line":22,"column":null}},"4":{"start":{"line":22,"column":59},"end":{"line":22,"column":71}},"5":{"start":{"line":26,"column":17},"end":{"line":26,"column":56}},"6":{"start":{"line":27,"column":4},"end":{"line":27,"column":null}},"7":{"start":{"line":27,"column":15},"end":{"line":27,"column":null}},"8":{"start":{"line":28,"column":4},"end":{"line":28,"column":null}},"9":{"start":{"line":29,"column":4},"end":{"line":29,"column":null}},"10":{"start":{"line":34,"column":6},"end":{"line":38,"column":9}},"11":{"start":{"line":39,"column":4},"end":{"line":42,"column":null}},"12":{"start":{"line":40,"column":6},"end":{"line":42,"column":null}},"13":{"start":{"line":44,"column":6},"end":{"line":48,"column":9}},"14":{"start":{"line":49,"column":4},"end":{"line":52,"column":null}},"15":{"start":{"line":50,"column":6},"end":{"line":52,"column":null}},"16":{"start":{"line":54,"column":6},"end":{"line":58,"column":9}},"17":{"start":{"line":59,"column":4},"end":{"line":62,"column":null}},"18":{"start":{"line":60,"column":6},"end":{"line":62,"column":null}},"19":{"start":{"line":63,"column":20},"end":{"line":67,"column":6}},"20":{"start":{"line":68,"column":4},"end":{"line":68,"column":null}},"21":{"start":{"line":68,"column":29},"end":{"line":68,"column":null}},"22":{"start":{"line":69,"column":4},"end":{"line":69,"column":null}},"23":{"start":{"line":69,"column":19},"end":{"line":69,"column":null}},"24":{"start":{"line":70,"column":4},"end":{"line":70,"column":null}},"25":{"start":{"line":71,"column":4},"end":{"line":71,"column":null}},"26":{"start":{"line":72,"column":4},"end":{"line":72,"column":null}},"27":{"start":{"line":73,"column":4},"end":{"line":73,"column":16}},"28":{"start":{"line":77,"column":22},"end":{"line":77,"column":94}},"29":{"start":{"line":77,"column":77},"end":{"line":77,"column":93}},"30":{"start":{"line":78,"column":4},"end":{"line":78,"column":null}},"31":{"start":{"line":78,"column":23},"end":{"line":78,"column":null}},"32":{"start":{"line":79,"column":18},"end":{"line":79,"column":62}},"33":{"start":{"line":80,"column":4},"end":{"line":82,"column":null}},"34":{"start":{"line":81,"column":6},"end":{"line":81,"column":null}},"35":{"start":{"line":83,"column":4},"end":{"line":83,"column":null}},"36":{"start":{"line":87,"column":4},"end":{"line":96,"column":null}},"37":{"start":{"line":89,"column":23},"end":{"line":89,"column":27}},"38":{"start":{"line":90,"column":8},"end":{"line":93,"column":null}},"39":{"start":{"line":92,"column":10},"end":{"line":92,"column":null}},"40":{"start":{"line":92,"column":63},"end":{"line":92,"column":null}},"41":{"start":{"line":94,"column":8},"end":{"line":94,"column":null}},"42":{"start":{"line":100,"column":4},"end":{"line":110,"column":null}},"43":{"start":{"line":100,"column":21},"end":{"line":100,"column":22}},"44":{"start":{"line":101,"column":19},"end":{"line":101,"column":59}},"45":{"start":{"line":102,"column":6},"end":{"line":109,"column":null}},"46":{"start":{"line":109,"column":8},"end":{"line":109,"column":null}},"47":{"start":{"line":111,"column":4},"end":{"line":111,"column":null}},"48":{"start":{"line":13,"column":0},"end":{"line":13,"column":13}},"49":{"start":{"line":15,"column":9},"end":{"line":15,"column":null}}},"fnMap":{"0":{"name":"(anonymous_7)","decl":{"start":{"line":17,"column":9},"end":{"line":17,"column":15}},"loc":{"start":{"line":17,"column":28},"end":{"line":19,"column":3}}},"1":{"name":"(anonymous_8)","decl":{"start":{"line":21,"column":8},"end":{"line":21,"column":14}},"loc":{"start":{"line":21,"column":14},"end":{"line":23,"column":null}}},"2":{"name":"(anonymous_10)","decl":{"start":{"line":22,"column":52},"end":{"line":22,"column":53}},"loc":{"start":{"line":22,"column":59},"end":{"line":22,"column":71}}},"3":{"name":"(anonymous_11)","decl":{"start":{"line":25,"column":8},"end":{"line":25,"column":15}},"loc":{"start":{"line":25,"column":37},"end":{"line":30,"column":null}}},"4":{"name":"(anonymous_13)","decl":{"start":{"line":32,"column":8},"end":{"line":32,"column":13}},"loc":{"start":{"line":32,"column":43},"end":{"line":74,"column":null}}},"5":{"name":"(anonymous_15)","decl":{"start":{"line":76,"column":8},"end":{"line":76,"column":14}},"loc":{"start":{"line":76,"column":50},"end":{"line":84,"column":null}}},"6":{"name":"(anonymous_17)","decl":{"start":{"line":77,"column":66},"end":{"line":77,"column":67}},"loc":{"start":{"line":77,"column":77},"end":{"line":77,"column":93}}},"7":{"name":"(anonymous_18)","decl":{"start":{"line":80,"column":33},"end":{"line":80,"column":34}},"loc":{"start":{"line":80,"column":50},"end":{"line":82,"column":5}}},"8":{"name":"(anonymous_19)","decl":{"start":{"line":86,"column":8},"end":{"line":86,"column":16}},"loc":{"start":{"line":86,"column":37},"end":{"line":97,"column":null}}},"9":{"name":"(anonymous_21)","decl":{"start":{"line":88,"column":45},"end":{"line":88,"column":46}},"loc":{"start":{"line":88,"column":55},"end":{"line":95,"column":7}}},"10":{"name":"(anonymous_22)","decl":{"start":{"line":90,"column":44},"end":{"line":90,"column":45}},"loc":{"start":{"line":90,"column":61},"end":{"line":93,"column":9}}},"11":{"name":"(anonymous_23)","decl":{"start":{"line":99,"column":8},"end":{"line":99,"column":16}},"loc":{"start":{"line":99,"column":37},"end":{"line":112,"column":null}}}},"branchMap":{"0":{"loc":{"start":{"line":18,"column":11},"end":{"line":18,"column":56}},"type":"binary-expr","locations":[{"start":{"line":18,"column":11},"end":{"line":18,"column":24}},{"start":{"line":18,"column":29},"end":{"line":18,"column":55}}]},"1":{"loc":{"start":{"line":27,"column":4},"end":{"line":27,"column":null}},"type":"if","locations":[{"start":{"line":27,"column":4},"end":{"line":27,"column":null}}]},"2":{"loc":{"start":{"line":34,"column":6},"end":{"line":38,"column":9}},"type":"binary-expr","locations":[{"start":{"line":34,"column":6},"end":{"line":34,"column":16}},{"start":{"line":35,"column":7},"end":{"line":38,"column":8}}]},"3":{"loc":{"start":{"line":39,"column":4},"end":{"line":42,"column":null}},"type":"if","locations":[{"start":{"line":39,"column":4},"end":{"line":42,"column":null}}]},"4":{"loc":{"start":{"line":44,"column":6},"end":{"line":48,"column":9}},"type":"binary-expr","locations":[{"start":{"line":44,"column":6},"end":{"line":44,"column":14}},{"start":{"line":45,"column":7},"end":{"line":48,"column":8}}]},"5":{"loc":{"start":{"line":49,"column":4},"end":{"line":52,"column":null}},"type":"if","locations":[{"start":{"line":49,"column":4},"end":{"line":52,"column":null}}]},"6":{"loc":{"start":{"line":54,"column":6},"end":{"line":58,"column":9}},"type":"binary-expr","locations":[{"start":{"line":54,"column":6},"end":{"line":54,"column":15}},{"start":{"line":55,"column":7},"end":{"line":58,"column":8}}]},"7":{"loc":{"start":{"line":59,"column":4},"end":{"line":62,"column":null}},"type":"if","locations":[{"start":{"line":59,"column":4},"end":{"line":62,"column":null}}]},"8":{"loc":{"start":{"line":68,"column":4},"end":{"line":68,"column":null}},"type":"if","locations":[{"start":{"line":68,"column":4},"end":{"line":68,"column":null}}]},"9":{"loc":{"start":{"line":68,"column":8},"end":{"line":68,"column":27}},"type":"binary-expr","locations":[{"start":{"line":68,"column":8},"end":{"line":68,"column":16}},{"start":{"line":68,"column":20},"end":{"line":68,"column":27}}]},"10":{"loc":{"start":{"line":69,"column":4},"end":{"line":69,"column":null}},"type":"if","locations":[{"start":{"line":69,"column":4},"end":{"line":69,"column":null}}]},"11":{"loc":{"start":{"line":78,"column":4},"end":{"line":78,"column":null}},"type":"if","locations":[{"start":{"line":78,"column":4},"end":{"line":78,"column":null}}]},"12":{"loc":{"start":{"line":88,"column":6},"end":{"line":95,"column":16}},"type":"cond-expr","locations":[{"start":{"line":95,"column":8},"end":{"line":95,"column":12}},{"start":{"line":95,"column":12},"end":{"line":95,"column":16}}]},"13":{"loc":{"start":{"line":88,"column":6},"end":{"line":95,"column":12}},"type":"binary-expr","locations":[{"start":{"line":88,"column":6},"end":{"line":95,"column":12}},{"start":{"line":95,"column":8},"end":{"line":95,"column":12}}]},"14":{"loc":{"start":{"line":92,"column":10},"end":{"line":92,"column":null}},"type":"if","locations":[{"start":{"line":92,"column":10},"end":{"line":92,"column":null}}]},"15":{"loc":{"start":{"line":92,"column":14},"end":{"line":92,"column":61}},"type":"binary-expr","locations":[{"start":{"line":92,"column":14},"end":{"line":92,"column":38}},{"start":{"line":92,"column":42},"end":{"line":92,"column":61}}]},"16":{"loc":{"start":{"line":102,"column":6},"end":{"line":109,"column":null}},"type":"if","locations":[{"start":{"line":102,"column":6},"end":{"line":109,"column":null}}]},"17":{"loc":{"start":{"line":104,"column":8},"end":{"line":107,"column":34}},"type":"binary-expr","locations":[{"start":{"line":104,"column":8},"end":{"line":104,"column":38}},{"start":{"line":106,"column":8},"end":{"line":106,"column":39}},{"start":{"line":107,"column":8},"end":{"line":107,"column":34}}]}},"s":{"0":4,"1":4,"2":6,"3":7,"4":30,"5":2,"6":2,"7":1,"8":1,"9":1,"10":15,"11":15,"12":1,"13":14,"14":14,"15":1,"16":13,"17":13,"18":1,"19":12,"20":12,"21":1,"22":11,"23":10,"24":11,"25":11,"26":11,"27":11,"28":2,"29":2,"30":2,"31":1,"32":1,"33":1,"34":6,"35":1,"36":17,"37":10,"38":10,"39":10,"40":1,"41":10,"42":25,"43":25,"44":4,"45":4,"46":3,"47":22,"48":4,"49":4},"f":{"0":6,"1":7,"2":30,"3":2,"4":15,"5":2,"6":2,"7":6,"8":17,"9":10,"10":10,"11":25},"b":{"0":[6,4],"1":[1],"2":[15,8],"3":[1],"4":[14,8],"5":[1],"6":[13,9],"7":[1],"8":[1],"9":[12,2],"10":[10],"11":[1],"12":[9,8],"13":[17,17],"14":[1],"15":[10,5],"16":[3],"17":[4,4,3]}}
,"D:\\Projects\\estudos\\postech-ms-pedido\\src\\infra\\database\\memory\\cliente\\seeders\\cliente.seeder.ts": {"path":"D:\\Projects\\estudos\\postech-ms-pedido\\src\\infra\\database\\memory\\cliente\\seeders\\cliente.seeder.ts","statementMap":{"0":{"start":{"line":4,"column":0},"end":{"line":4,"column":73}},"1":{"start":{"line":8,"column":21},"end":{"line":8,"column":52}},"2":{"start":{"line":9,"column":21},"end":{"line":9,"column":59}},"3":{"start":{"line":14,"column":4},"end":{"line":28,"column":null}},"4":{"start":{"line":15,"column":19},"end":{"line":17,"column":8}},"5":{"start":{"line":18,"column":29},"end":{"line":18,"column":40}},"6":{"start":{"line":19,"column":6},"end":{"line":23,"column":8}},"7":{"start":{"line":20,"column":35},"end":{"line":22,"column":10}},"8":{"start":{"line":21,"column":10},"end":{"line":21,"column":70}},"9":{"start":{"line":25,"column":6},"end":{"line":25,"column":28}},"10":{"start":{"line":27,"column":6},"end":{"line":27,"column":18}},"11":{"start":{"line":6,"column":0},"end":{"line":6,"column":13}}},"fnMap":{"0":{"name":"(anonymous_7)","decl":{"start":{"line":7,"column":2},"end":{"line":7,"column":null}},"loc":{"start":{"line":9,"column":59},"end":{"line":11,"column":3}}},"1":{"name":"(anonymous_8)","decl":{"start":{"line":13,"column":8},"end":{"line":13,"column":12}},"loc":{"start":{"line":13,"column":12},"end":{"line":29,"column":null}}},"2":{"name":"(anonymous_10)","decl":{"start":{"line":20,"column":17},"end":{"line":20,"column":24}},"loc":{"start":{"line":20,"column":35},"end":{"line":22,"column":10}}},"3":{"name":"(anonymous_11)","decl":{"start":{"line":20,"column":35},"end":{"line":20,"column":null}},"loc":{"start":{"line":20,"column":35},"end":{"line":22,"column":9}}}},"branchMap":{},"s":{"0":3,"1":3,"2":3,"3":2,"4":2,"5":2,"6":2,"7":10,"8":10,"9":2,"10":0,"11":3},"f":{"0":3,"1":2,"2":10,"3":10},"b":{}}
,"D:\\Projects\\estudos\\postech-ms-pedido\\src\\infra\\database\\memory\\item\\repositories\\itemMemoria.repository.ts": {"path":"D:\\Projects\\estudos\\postech-ms-pedido\\src\\infra\\database\\memory\\item\\repositories\\itemMemoria.repository.ts","statementMap":{"0":{"start":{"line":9,"column":0},"end":{"line":9,"column":91}},"1":{"start":{"line":11,"column":0},"end":{"line":11,"column":95}},"2":{"start":{"line":18,"column":4},"end":{"line":18,"column":null}},"3":{"start":{"line":22,"column":4},"end":{"line":25,"column":7}},"4":{"start":{"line":23,"column":21},"end":{"line":23,"column":92}},"5":{"start":{"line":24,"column":6},"end":{"line":24,"column":39}},"6":{"start":{"line":29,"column":17},"end":{"line":29,"column":56}},"7":{"start":{"line":30,"column":4},"end":{"line":30,"column":null}},"8":{"start":{"line":30,"column":15},"end":{"line":30,"column":null}},"9":{"start":{"line":31,"column":4},"end":{"line":31,"column":null}},"10":{"start":{"line":32,"column":4},"end":{"line":32,"column":null}},"11":{"start":{"line":36,"column":4},"end":{"line":45,"column":null}},"12":{"start":{"line":44,"column":6},"end":{"line":44,"column":null}},"13":{"start":{"line":47,"column":4},"end":{"line":47,"column":null}},"14":{"start":{"line":48,"column":4},"end":{"line":48,"column":null}},"15":{"start":{"line":49,"column":4},"end":{"line":49,"column":null}},"16":{"start":{"line":49,"column":19},"end":{"line":49,"column":null}},"17":{"start":{"line":50,"column":4},"end":{"line":50,"column":null}},"18":{"start":{"line":51,"column":4},"end":{"line":51,"column":null}},"19":{"start":{"line":55,"column":22},"end":{"line":55,"column":88}},"20":{"start":{"line":55,"column":71},"end":{"line":55,"column":87}},"21":{"start":{"line":56,"column":4},"end":{"line":56,"column":null}},"22":{"start":{"line":56,"column":23},"end":{"line":56,"column":null}},"23":{"start":{"line":57,"column":16},"end":{"line":57,"column":54}},"24":{"start":{"line":58,"column":4},"end":{"line":58,"column":null}},"25":{"start":{"line":59,"column":4},"end":{"line":61,"column":null}},"26":{"start":{"line":60,"column":6},"end":{"line":60,"column":null}},"27":{"start":{"line":62,"column":4},"end":{"line":62,"column":null}},"28":{"start":{"line":66,"column":4},"end":{"line":75,"column":null}},"29":{"start":{"line":68,"column":23},"end":{"line":68,"column":27}},"30":{"start":{"line":69,"column":8},"end":{"line":72,"column":null}},"31":{"start":{"line":71,"column":10},"end":{"line":71,"column":null}},"32":{"start":{"line":71,"column":63},"end":{"line":71,"column":null}},"33":{"start":{"line":73,"column":8},"end":{"line":73,"column":null}},"34":{"start":{"line":79,"column":4},"end":{"line":83,"column":null}},"35":{"start":{"line":79,"column":21},"end":{"line":79,"column":22}},"36":{"start":{"line":80,"column":19},"end":{"line":80,"column":53}},"37":{"start":{"line":82,"column":6},"end":{"line":82,"column":null}},"38":{"start":{"line":82,"column":73},"end":{"line":82,"column":null}},"39":{"start":{"line":84,"column":4},"end":{"line":84,"column":null}},"40":{"start":{"line":13,"column":0},"end":{"line":13,"column":13}},"41":{"start":{"line":15,"column":9},"end":{"line":15,"column":null}}},"fnMap":{"0":{"name":"(anonymous_7)","decl":{"start":{"line":17,"column":9},"end":{"line":17,"column":15}},"loc":{"start":{"line":17,"column":28},"end":{"line":19,"column":3}}},"1":{"name":"(anonymous_8)","decl":{"start":{"line":21,"column":8},"end":{"line":21,"column":14}},"loc":{"start":{"line":21,"column":31},"end":{"line":26,"column":null}}},"2":{"name":"(anonymous_10)","decl":{"start":{"line":22,"column":46},"end":{"line":22,"column":47}},"loc":{"start":{"line":22,"column":55},"end":{"line":25,"column":5}}},"3":{"name":"(anonymous_11)","decl":{"start":{"line":28,"column":8},"end":{"line":28,"column":15}},"loc":{"start":{"line":28,"column":37},"end":{"line":33,"column":null}}},"4":{"name":"(anonymous_13)","decl":{"start":{"line":35,"column":8},"end":{"line":35,"column":13}},"loc":{"start":{"line":35,"column":40},"end":{"line":52,"column":null}}},"5":{"name":"(anonymous_15)","decl":{"start":{"line":54,"column":8},"end":{"line":54,"column":14}},"loc":{"start":{"line":54,"column":47},"end":{"line":63,"column":null}}},"6":{"name":"(anonymous_17)","decl":{"start":{"line":55,"column":60},"end":{"line":55,"column":61}},"loc":{"start":{"line":55,"column":71},"end":{"line":55,"column":87}}},"7":{"name":"(anonymous_18)","decl":{"start":{"line":59,"column":33},"end":{"line":59,"column":34}},"loc":{"start":{"line":59,"column":50},"end":{"line":61,"column":5}}},"8":{"name":"(anonymous_19)","decl":{"start":{"line":65,"column":8},"end":{"line":65,"column":16}},"loc":{"start":{"line":65,"column":37},"end":{"line":76,"column":null}}},"9":{"name":"(anonymous_21)","decl":{"start":{"line":67,"column":39},"end":{"line":67,"column":40}},"loc":{"start":{"line":67,"column":49},"end":{"line":74,"column":7}}},"10":{"name":"(anonymous_22)","decl":{"start":{"line":69,"column":44},"end":{"line":69,"column":45}},"loc":{"start":{"line":69,"column":61},"end":{"line":72,"column":9}}},"11":{"name":"(anonymous_23)","decl":{"start":{"line":78,"column":8},"end":{"line":78,"column":16}},"loc":{"start":{"line":78,"column":37},"end":{"line":85,"column":null}}}},"branchMap":{"0":{"loc":{"start":{"line":18,"column":11},"end":{"line":18,"column":73}},"type":"binary-expr","locations":[{"start":{"line":18,"column":11},"end":{"line":18,"column":24}},{"start":{"line":18,"column":29},"end":{"line":18,"column":72}}]},"1":{"loc":{"start":{"line":23,"column":21},"end":{"line":23,"column":92}},"type":"binary-expr","locations":[{"start":{"line":23,"column":21},"end":{"line":23,"column":32}},{"start":{"line":23,"column":36},"end":{"line":23,"column":59}},{"start":{"line":23,"column":63},"end":{"line":23,"column":92}}]},"2":{"loc":{"start":{"line":24,"column":13},"end":{"line":24,"column":38}},"type":"binary-expr","locations":[{"start":{"line":24,"column":13},"end":{"line":24,"column":28}},{"start":{"line":24,"column":32},"end":{"line":24,"column":38}}]},"3":{"loc":{"start":{"line":30,"column":4},"end":{"line":30,"column":null}},"type":"if","locations":[{"start":{"line":30,"column":4},"end":{"line":30,"column":null}}]},"4":{"loc":{"start":{"line":36,"column":4},"end":{"line":45,"column":null}},"type":"if","locations":[{"start":{"line":36,"column":4},"end":{"line":45,"column":null}}]},"5":{"loc":{"start":{"line":37,"column":6},"end":{"line":42,"column":9}},"type":"binary-expr","locations":[{"start":{"line":37,"column":6},"end":{"line":37,"column":14}},{"start":{"line":38,"column":7},"end":{"line":42,"column":8}}]},"6":{"loc":{"start":{"line":49,"column":4},"end":{"line":49,"column":null}},"type":"if","locations":[{"start":{"line":49,"column":4},"end":{"line":49,"column":null}}]},"7":{"loc":{"start":{"line":56,"column":4},"end":{"line":56,"column":null}},"type":"if","locations":[{"start":{"line":56,"column":4},"end":{"line":56,"column":null}}]},"8":{"loc":{"start":{"line":67,"column":6},"end":{"line":74,"column":16}},"type":"cond-expr","locations":[{"start":{"line":74,"column":8},"end":{"line":74,"column":12}},{"start":{"line":74,"column":12},"end":{"line":74,"column":16}}]},"9":{"loc":{"start":{"line":67,"column":6},"end":{"line":74,"column":12}},"type":"binary-expr","locations":[{"start":{"line":67,"column":6},"end":{"line":74,"column":12}},{"start":{"line":74,"column":8},"end":{"line":74,"column":12}}]},"10":{"loc":{"start":{"line":71,"column":10},"end":{"line":71,"column":null}},"type":"if","locations":[{"start":{"line":71,"column":10},"end":{"line":71,"column":null}}]},"11":{"loc":{"start":{"line":71,"column":14},"end":{"line":71,"column":61}},"type":"binary-expr","locations":[{"start":{"line":71,"column":14},"end":{"line":71,"column":38}},{"start":{"line":71,"column":42},"end":{"line":71,"column":61}}]},"12":{"loc":{"start":{"line":82,"column":6},"end":{"line":82,"column":null}},"type":"if","locations":[{"start":{"line":82,"column":6},"end":{"line":82,"column":null}}]},"13":{"loc":{"start":{"line":82,"column":10},"end":{"line":82,"column":71}},"type":"binary-expr","locations":[{"start":{"line":82,"column":10},"end":{"line":82,"column":41}},{"start":{"line":82,"column":45},"end":{"line":82,"column":71}}]}},"s":{"0":4,"1":4,"2":5,"3":6,"4":38,"5":38,"6":2,"7":2,"8":1,"9":1,"10":1,"11":15,"12":1,"13":14,"14":14,"15":14,"16":13,"17":14,"18":14,"19":3,"20":3,"21":3,"22":1,"23":2,"24":2,"25":2,"26":18,"27":2,"28":7,"29":6,"30":6,"31":6,"32":1,"33":6,"34":1,"35":1,"36":1,"37":1,"38":0,"39":1,"40":4,"41":4},"f":{"0":5,"1":6,"2":38,"3":2,"4":15,"5":3,"6":3,"7":18,"8":7,"9":6,"10":6,"11":1},"b":{"0":[5,4],"1":[38,1,1],"2":[38,38],"3":[1],"4":[1],"5":[15,2],"6":[13],"7":[1],"8":[5,2],"9":[7,7],"10":[1],"11":[6,6],"12":[0],"13":[1,0]}}
,"D:\\Projects\\estudos\\postech-ms-pedido\\src\\infra\\database\\memory\\item\\seeders\\item.seeder.ts": {"path":"D:\\Projects\\estudos\\postech-ms-pedido\\src\\infra\\database\\memory\\item\\seeders\\item.seeder.ts","statementMap":{"0":{"start":{"line":4,"column":0},"end":{"line":4,"column":61}},"1":{"start":{"line":8,"column":21},"end":{"line":8,"column":49}},"2":{"start":{"line":9,"column":21},"end":{"line":9,"column":61}},"3":{"start":{"line":14,"column":4},"end":{"line":27,"column":null}},"4":{"start":{"line":15,"column":19},"end":{"line":17,"column":8}},"5":{"start":{"line":18,"column":6},"end":{"line":22,"column":8}},"6":{"start":{"line":19,"column":32},"end":{"line":21,"column":10}},"7":{"start":{"line":20,"column":10},"end":{"line":20,"column":64}},"8":{"start":{"line":24,"column":6},"end":{"line":24,"column":25}},"9":{"start":{"line":26,"column":6},"end":{"line":26,"column":18}},"10":{"start":{"line":6,"column":0},"end":{"line":6,"column":13}}},"fnMap":{"0":{"name":"(anonymous_7)","decl":{"start":{"line":7,"column":2},"end":{"line":7,"column":null}},"loc":{"start":{"line":9,"column":61},"end":{"line":11,"column":3}}},"1":{"name":"(anonymous_8)","decl":{"start":{"line":13,"column":8},"end":{"line":13,"column":12}},"loc":{"start":{"line":13,"column":12},"end":{"line":28,"column":null}}},"2":{"name":"(anonymous_10)","decl":{"start":{"line":19,"column":17},"end":{"line":19,"column":24}},"loc":{"start":{"line":19,"column":32},"end":{"line":21,"column":10}}},"3":{"name":"(anonymous_11)","decl":{"start":{"line":19,"column":32},"end":{"line":19,"column":null}},"loc":{"start":{"line":19,"column":32},"end":{"line":21,"column":9}}}},"branchMap":{},"s":{"0":2,"1":2,"2":2,"3":1,"4":1,"5":1,"6":12,"7":12,"8":1,"9":0,"10":2},"f":{"0":2,"1":1,"2":12,"3":12},"b":{}}
,"D:\\Projects\\estudos\\postech-ms-pedido\\src\\infra\\database\\memory\\pedido\\repositories\\pedidosMemoria.repository.ts": {"path":"D:\\Projects\\estudos\\postech-ms-pedido\\src\\infra\\database\\memory\\pedido\\repositories\\pedidosMemoria.repository.ts","statementMap":{"0":{"start":{"line":3,"column":0},"end":{"line":3,"column":95}},"1":{"start":{"line":4,"column":0},"end":{"line":4,"column":73}},"2":{"start":{"line":5,"column":0},"end":{"line":5,"column":91}},"3":{"start":{"line":12,"column":4},"end":{"line":12,"column":null}},"4":{"start":{"line":16,"column":21},"end":{"line":16,"column":49}},"5":{"start":{"line":17,"column":4},"end":{"line":26,"column":null}},"6":{"start":{"line":19,"column":21},"end":{"line":19,"column":98}},"7":{"start":{"line":20,"column":6},"end":{"line":20,"column":null}},"8":{"start":{"line":23,"column":22},"end":{"line":23,"column":54}},"9":{"start":{"line":24,"column":22},"end":{"line":24,"column":54}},"10":{"start":{"line":25,"column":6},"end":{"line":25,"column":null}},"11":{"start":{"line":30,"column":17},"end":{"line":30,"column":56}},"12":{"start":{"line":31,"column":4},"end":{"line":31,"column":null}},"13":{"start":{"line":31,"column":15},"end":{"line":31,"column":null}},"14":{"start":{"line":32,"column":4},"end":{"line":32,"column":null}},"15":{"start":{"line":33,"column":4},"end":{"line":33,"column":null}},"16":{"start":{"line":37,"column":4},"end":{"line":38,"column":null}},"17":{"start":{"line":38,"column":6},"end":{"line":38,"column":null}},"18":{"start":{"line":39,"column":4},"end":{"line":39,"column":null}},"19":{"start":{"line":39,"column":19},"end":{"line":39,"column":null}},"20":{"start":{"line":40,"column":4},"end":{"line":40,"column":null}},"21":{"start":{"line":41,"column":4},"end":{"line":41,"column":null}},"22":{"start":{"line":45,"column":22},"end":{"line":45,"column":92}},"23":{"start":{"line":45,"column":75},"end":{"line":45,"column":91}},"24":{"start":{"line":46,"column":4},"end":{"line":46,"column":null}},"25":{"start":{"line":46,"column":23},"end":{"line":46,"column":null}},"26":{"start":{"line":47,"column":17},"end":{"line":47,"column":59}},"27":{"start":{"line":48,"column":4},"end":{"line":50,"column":null}},"28":{"start":{"line":49,"column":6},"end":{"line":49,"column":null}},"29":{"start":{"line":51,"column":4},"end":{"line":51,"column":null}},"30":{"start":{"line":55,"column":4},"end":{"line":64,"column":null}},"31":{"start":{"line":57,"column":23},"end":{"line":57,"column":27}},"32":{"start":{"line":58,"column":8},"end":{"line":61,"column":null}},"33":{"start":{"line":60,"column":10},"end":{"line":60,"column":null}},"34":{"start":{"line":60,"column":63},"end":{"line":60,"column":null}},"35":{"start":{"line":62,"column":8},"end":{"line":62,"column":null}},"36":{"start":{"line":7,"column":0},"end":{"line":7,"column":13}},"37":{"start":{"line":9,"column":17},"end":{"line":9,"column":null}}},"fnMap":{"0":{"name":"(anonymous_7)","decl":{"start":{"line":11,"column":9},"end":{"line":11,"column":15}},"loc":{"start":{"line":11,"column":28},"end":{"line":13,"column":3}}},"1":{"name":"(anonymous_8)","decl":{"start":{"line":15,"column":8},"end":{"line":15,"column":14}},"loc":{"start":{"line":15,"column":44},"end":{"line":27,"column":null}}},"2":{"name":"(anonymous_10)","decl":{"start":{"line":18,"column":12},"end":{"line":18,"column":13}},"loc":{"start":{"line":18,"column":21},"end":{"line":21,"column":5}}},"3":{"name":"(anonymous_11)","decl":{"start":{"line":22,"column":10},"end":{"line":22,"column":11}},"loc":{"start":{"line":22,"column":31},"end":{"line":26,"column":5}}},"4":{"name":"(anonymous_12)","decl":{"start":{"line":29,"column":8},"end":{"line":29,"column":15}},"loc":{"start":{"line":29,"column":37},"end":{"line":34,"column":null}}},"5":{"name":"(anonymous_14)","decl":{"start":{"line":36,"column":8},"end":{"line":36,"column":13}},"loc":{"start":{"line":36,"column":42},"end":{"line":42,"column":null}}},"6":{"name":"(anonymous_16)","decl":{"start":{"line":44,"column":8},"end":{"line":44,"column":14}},"loc":{"start":{"line":44,"column":49},"end":{"line":52,"column":null}}},"7":{"name":"(anonymous_18)","decl":{"start":{"line":45,"column":64},"end":{"line":45,"column":65}},"loc":{"start":{"line":45,"column":75},"end":{"line":45,"column":91}}},"8":{"name":"(anonymous_19)","decl":{"start":{"line":48,"column":33},"end":{"line":48,"column":34}},"loc":{"start":{"line":48,"column":50},"end":{"line":50,"column":5}}},"9":{"name":"(anonymous_20)","decl":{"start":{"line":54,"column":8},"end":{"line":54,"column":16}},"loc":{"start":{"line":54,"column":37},"end":{"line":65,"column":null}}},"10":{"name":"(anonymous_22)","decl":{"start":{"line":56,"column":43},"end":{"line":56,"column":44}},"loc":{"start":{"line":56,"column":53},"end":{"line":63,"column":7}}},"11":{"name":"(anonymous_23)","decl":{"start":{"line":58,"column":44},"end":{"line":58,"column":45}},"loc":{"start":{"line":58,"column":61},"end":{"line":61,"column":9}}}},"branchMap":{"0":{"loc":{"start":{"line":12,"column":11},"end":{"line":12,"column":56}},"type":"binary-expr","locations":[{"start":{"line":12,"column":11},"end":{"line":12,"column":24}},{"start":{"line":12,"column":29},"end":{"line":12,"column":55}}]},"1":{"loc":{"start":{"line":19,"column":21},"end":{"line":19,"column":98}},"type":"binary-expr","locations":[{"start":{"line":19,"column":21},"end":{"line":19,"column":32}},{"start":{"line":19,"column":36},"end":{"line":19,"column":61}},{"start":{"line":19,"column":65},"end":{"line":19,"column":98}}]},"2":{"loc":{"start":{"line":20,"column":13},"end":{"line":20,"column":38}},"type":"binary-expr","locations":[{"start":{"line":20,"column":13},"end":{"line":20,"column":28}},{"start":{"line":20,"column":32},"end":{"line":20,"column":38}}]},"3":{"loc":{"start":{"line":31,"column":4},"end":{"line":31,"column":null}},"type":"if","locations":[{"start":{"line":31,"column":4},"end":{"line":31,"column":null}}]},"4":{"loc":{"start":{"line":37,"column":4},"end":{"line":38,"column":null}},"type":"if","locations":[{"start":{"line":37,"column":4},"end":{"line":38,"column":null}}]},"5":{"loc":{"start":{"line":37,"column":8},"end":{"line":37,"column":62}},"type":"binary-expr","locations":[{"start":{"line":37,"column":8},"end":{"line":37,"column":21}},{"start":{"line":37,"column":25},"end":{"line":37,"column":36}},{"start":{"line":37,"column":40},"end":{"line":37,"column":62}}]},"6":{"loc":{"start":{"line":39,"column":4},"end":{"line":39,"column":null}},"type":"if","locations":[{"start":{"line":39,"column":4},"end":{"line":39,"column":null}}]},"7":{"loc":{"start":{"line":46,"column":4},"end":{"line":46,"column":null}},"type":"if","locations":[{"start":{"line":46,"column":4},"end":{"line":46,"column":null}}]},"8":{"loc":{"start":{"line":56,"column":6},"end":{"line":63,"column":16}},"type":"cond-expr","locations":[{"start":{"line":63,"column":8},"end":{"line":63,"column":12}},{"start":{"line":63,"column":12},"end":{"line":63,"column":16}}]},"9":{"loc":{"start":{"line":56,"column":6},"end":{"line":63,"column":12}},"type":"binary-expr","locations":[{"start":{"line":56,"column":6},"end":{"line":63,"column":12}},{"start":{"line":63,"column":8},"end":{"line":63,"column":12}}]},"10":{"loc":{"start":{"line":60,"column":10},"end":{"line":60,"column":null}},"type":"if","locations":[{"start":{"line":60,"column":10},"end":{"line":60,"column":null}}]},"11":{"loc":{"start":{"line":60,"column":14},"end":{"line":60,"column":61}},"type":"binary-expr","locations":[{"start":{"line":60,"column":14},"end":{"line":60,"column":38}},{"start":{"line":60,"column":42},"end":{"line":60,"column":61}}]}},"s":{"0":2,"1":2,"2":2,"3":2,"4":5,"5":5,"6":4,"7":4,"8":0,"9":0,"10":0,"11":2,"12":2,"13":1,"14":1,"15":1,"16":2,"17":1,"18":1,"19":1,"20":1,"21":1,"22":1,"23":1,"24":1,"25":0,"26":1,"27":1,"28":5,"29":1,"30":2,"31":2,"32":2,"33":2,"34":1,"35":2,"36":2,"37":2},"f":{"0":2,"1":5,"2":4,"3":0,"4":2,"5":2,"6":1,"7":1,"8":5,"9":2,"10":2,"11":2},"b":{"0":[2,2],"1":[4,2,2],"2":[4,4],"3":[1],"4":[1],"5":[2,1,1],"6":[1],"7":[0],"8":[1,1],"9":[2,2],"10":[1],"11":[2,2]}}
,"D:\\Projects\\estudos\\postech-ms-pedido\\src\\shared\\adapters\\jsonDataReader.ts": {"path":"D:\\Projects\\estudos\\postech-ms-pedido\\src\\shared\\adapters\\jsonDataReader.ts","statementMap":{"0":{"start":{"line":2,"column":0},"end":{"line":2,"column":25}},"1":{"start":{"line":10,"column":4},"end":{"line":17,"column":7}},"2":{"start":{"line":11,"column":6},"end":{"line":16,"column":9}},"3":{"start":{"line":12,"column":8},"end":{"line":12,"column":26}},"4":{"start":{"line":12,"column":17},"end":{"line":12,"column":26}},"5":{"start":{"line":13,"column":8},"end":{"line":13,"column":41}},"6":{"start":{"line":13,"column":32},"end":{"line":13,"column":41}},"7":{"start":{"line":14,"column":20},"end":{"line":14,"column":41}},"8":{"start":{"line":15,"column":8},"end":{"line":15,"column":21}},"9":{"start":{"line":8,"column":0},"end":{"line":8,"column":13}}},"fnMap":{"0":{"name":"(anonymous_0)","decl":{"start":{"line":9,"column":2},"end":{"line":9,"column":6}},"loc":{"start":{"line":9,"column":26},"end":{"line":18,"column":3}}},"1":{"name":"(anonymous_1)","decl":{"start":{"line":10,"column":23},"end":{"line":10,"column":24}},"loc":{"start":{"line":10,"column":43},"end":{"line":17,"column":5}}},"2":{"name":"(anonymous_2)","decl":{"start":{"line":11,"column":38},"end":{"line":11,"column":39}},"loc":{"start":{"line":11,"column":52},"end":{"line":16,"column":7}}}},"branchMap":{"0":{"loc":{"start":{"line":12,"column":8},"end":{"line":12,"column":26}},"type":"if","locations":[{"start":{"line":12,"column":8},"end":{"line":12,"column":26}}]},"1":{"loc":{"start":{"line":13,"column":8},"end":{"line":13,"column":41}},"type":"if","locations":[{"start":{"line":13,"column":8},"end":{"line":13,"column":41}}]}},"s":{"0":3,"1":3,"2":3,"3":3,"4":0,"5":3,"6":0,"7":3,"8":3,"9":3},"f":{"0":3,"1":3,"2":3},"b":{"0":[0],"1":[0]}}
,"D:\\Projects\\estudos\\postech-ms-pedido\\src\\shared\\exceptions\\cpfInvalido.exception.ts": {"path":"D:\\Projects\\estudos\\postech-ms-pedido\\src\\shared\\exceptions\\cpfInvalido.exception.ts","statementMap":{"0":{"start":{"line":1,"column":0},"end":{"line":1,"column":49}},"1":{"start":{"line":5,"column":8},"end":{"line":5,"column":null}},"2":{"start":{"line":3,"column":0},"end":{"line":3,"column":13}}},"fnMap":{"0":{"name":"(anonymous_0)","decl":{"start":{"line":4,"column":4},"end":{"line":4,"column":null}},"loc":{"start":{"line":4,"column":4},"end":{"line":6,"column":5}}}},"branchMap":{},"s":{"0":2,"1":1,"2":2},"f":{"0":1},"b":{}}
,"D:\\Projects\\estudos\\postech-ms-pedido\\src\\shared\\exceptions\\dtoValidationError.exception.ts": {"path":"D:\\Projects\\estudos\\postech-ms-pedido\\src\\shared\\exceptions\\dtoValidationError.exception.ts","statementMap":{"0":{"start":{"line":1,"column":0},"end":{"line":1,"column":49}},"1":{"start":{"line":5,"column":19},"end":{"line":5,"column":21}},"2":{"start":{"line":6,"column":4},"end":{"line":11,"column":6}},"3":{"start":{"line":8,"column":8},"end":{"line":10,"column":13}},"4":{"start":{"line":12,"column":4},"end":{"line":12,"column":20}},"5":{"start":{"line":3,"column":0},"end":{"line":3,"column":13}}},"fnMap":{"0":{"name":"(anonymous_0)","decl":{"start":{"line":4,"column":2},"end":{"line":4,"column":14}},"loc":{"start":{"line":4,"column":30},"end":{"line":13,"column":3}}},"1":{"name":"(anonymous_1)","decl":{"start":{"line":7,"column":6},"end":{"line":7,"column":7}},"loc":{"start":{"line":8,"column":8},"end":{"line":10,"column":13}}}},"branchMap":{},"s":{"0":3,"1":2,"2":2,"3":2,"4":2,"5":3},"f":{"0":2,"1":2},"b":{}}
,"D:\\Projects\\estudos\\postech-ms-pedido\\src\\shared\\exceptions\\index.ts": {"path":"D:\\Projects\\estudos\\postech-ms-pedido\\src\\shared\\exceptions\\index.ts","statementMap":{"0":{"start":{"line":1,"column":0},"end":{"line":1,"column":49}},"1":{"start":{"line":2,"column":0},"end":{"line":2,"column":33}},"2":{"start":{"line":3,"column":0},"end":{"line":3,"column":40}},"3":{"start":{"line":4,"column":0},"end":{"line":4,"column":47}},"4":{"start":{"line":5,"column":0},"end":{"line":5,"column":47}},"5":{"start":{"line":6,"column":0},"end":{"line":6,"column":39}},"6":{"start":{"line":7,"column":0},"end":{"line":7,"column":36}},"7":{"start":{"line":8,"column":0},"end":{"line":8,"column":46}},"8":{"start":{"line":9,"column":0},"end":{"line":9,"column":48}}},"fnMap":{},"branchMap":{},"s":{"0":1,"1":1,"2":1,"3":1,"4":1,"5":1,"6":1,"7":1,"8":1},"f":{},"b":{}}
,"D:\\Projects\\estudos\\postech-ms-pedido\\src\\shared\\exceptions\\registroExistente.exception.ts": {"path":"D:\\Projects\\estudos\\postech-ms-pedido\\src\\shared\\exceptions\\registroExistente.exception.ts","statementMap":{"0":{"start":{"line":1,"column":0},"end":{"line":1,"column":49}},"1":{"start":{"line":5,"column":8},"end":{"line":5,"column":null}},"2":{"start":{"line":3,"column":0},"end":{"line":3,"column":13}}},"fnMap":{"0":{"name":"(anonymous_0)","decl":{"start":{"line":4,"column":4},"end":{"line":4,"column":16}},"loc":{"start":{"line":4,"column":69},"end":{"line":6,"column":5}}}},"branchMap":{"0":{"loc":{"start":{"line":5,"column":14},"end":{"line":5,"column":78}},"type":"cond-expr","locations":[{"start":{"line":5,"column":14},"end":{"line":5,"column":22}},{"start":{"line":5,"column":26},"end":{"line":5,"column":78}}]},"1":{"loc":{"start":{"line":5,"column":14},"end":{"line":5,"column":26}},"type":"binary-expr","locations":[{"start":{"line":5,"column":14},"end":{"line":5,"column":26}},{"start":{"line":5,"column":14},"end":{"line":5,"column":26}}]},"2":{"loc":{"start":{"line":5,"column":31},"end":{"line":5,"column":50}},"type":"cond-expr","locations":[{"start":{"line":5,"column":31},"end":{"line":5,"column":36}},{"start":{"line":5,"column":40},"end":{"line":5,"column":50}}]},"3":{"loc":{"start":{"line":5,"column":31},"end":{"line":5,"column":40}},"type":"binary-expr","locations":[{"start":{"line":5,"column":31},"end":{"line":5,"column":40}},{"start":{"line":5,"column":31},"end":{"line":5,"column":40}}]}},"s":{"0":6,"1":5,"2":6},"f":{"0":5},"b":{"0":[3,2],"1":[5,5],"2":[0,2],"3":[2,2]}}
,"D:\\Projects\\estudos\\postech-ms-pedido\\src\\shared\\exceptions\\registroInexistente.exception.ts": {"path":"D:\\Projects\\estudos\\postech-ms-pedido\\src\\shared\\exceptions\\registroInexistente.exception.ts","statementMap":{"0":{"start":{"line":1,"column":0},"end":{"line":1,"column":49}},"1":{"start":{"line":5,"column":8},"end":{"line":5,"column":null}},"2":{"start":{"line":3,"column":0},"end":{"line":3,"column":13}}},"fnMap":{"0":{"name":"(anonymous_0)","decl":{"start":{"line":4,"column":4},"end":{"line":4,"column":16}},"loc":{"start":{"line":4,"column":69},"end":{"line":6,"column":5}}}},"branchMap":{"0":{"loc":{"start":{"line":5,"column":14},"end":{"line":5,"column":79}},"type":"cond-expr","locations":[{"start":{"line":5,"column":14},"end":{"line":5,"column":22}},{"start":{"line":5,"column":26},"end":{"line":5,"column":79}}]},"1":{"loc":{"start":{"line":5,"column":14},"end":{"line":5,"column":26}},"type":"binary-expr","locations":[{"start":{"line":5,"column":14},"end":{"line":5,"column":26}},{"start":{"line":5,"column":14},"end":{"line":5,"column":26}}]},"2":{"loc":{"start":{"line":5,"column":31},"end":{"line":5,"column":50}},"type":"cond-expr","locations":[{"start":{"line":5,"column":31},"end":{"line":5,"column":36}},{"start":{"line":5,"column":40},"end":{"line":5,"column":50}}]},"3":{"loc":{"start":{"line":5,"column":31},"end":{"line":5,"column":40}},"type":"binary-expr","locations":[{"start":{"line":5,"column":31},"end":{"line":5,"column":40}},{"start":{"line":5,"column":31},"end":{"line":5,"column":40}}]}},"s":{"0":6,"1":5,"2":6},"f":{"0":5},"b":{"0":[0,5],"1":[5,5],"2":[3,2],"3":[5,5]}}
}
