TN:
SF:src\domain\cliente\entities\cliente.ts
FN:23,(anonymous_0)
FN:28,(anonymous_1)
FNF:2
FNH:2
FNDA:17,(anonymous_0)
FNDA:10,(anonymous_1)
DA:1,4
DA:2,4
DA:14,4
DA:24,17
DA:25,17
DA:29,10
DA:30,10
LF:7
LH:7
BRDA:29,0,0,10
BRF:1
BRH:1
end_of_record
TN:
SF:src\domain\cliente\usecases\cadastrarCliente.usecase.ts
FN:14,(anonymous_7)
FN:16,(anonymous_8)
FNF:2
FNH:2
FNDA:2,(anonymous_7)
FNDA:2,(anonymous_8)
DA:3,1
DA:4,1
DA:6,1
DA:7,1
DA:12,1
DA:14,2
DA:17,2
DA:18,1
DA:19,0
DA:21,0
DA:22,0
LF:11
LH:8
BRDA:17,0,0,1
BRDA:17,1,0,2
BRDA:17,1,1,1
BRDA:17,1,2,1
BRDA:18,2,0,1
BRDA:18,3,0,1
BRDA:18,3,1,1
BRDA:19,4,0,0
BRF:8
BRH:7
end_of_record
TN:
SF:src\domain\item\entities\item.ts
FN:30,(anonymous_0)
FN:35,(anonymous_1)
FNF:2
FNH:2
FNDA:16,(anonymous_0)
FNDA:13,(anonymous_1)
DA:3,4
DA:4,4
DA:6,4
DA:8,4
DA:21,4
DA:31,16
DA:32,16
DA:36,13
DA:37,13
LF:9
LH:9
BRDA:36,0,0,13
BRF:1
BRH:1
end_of_record
TN:
SF:src\domain\item\usecases\editarItem.usecase.ts
FN:14,(anonymous_7)
FN:16,(anonymous_8)
FN:20,(anonymous_10)
FNF:3
FNH:3
FNDA:1,(anonymous_7)
FNDA:1,(anonymous_8)
FNDA:7,(anonymous_10)
DA:4,1
DA:13,1
DA:14,1
DA:17,1
DA:20,1
DA:21,7
DA:23,1
DA:24,1
LF:8
LH:8
BRDA:23,0,0,0
BRF:1
BRH:0
end_of_record
TN:
SF:src\domain\pedido\entities\pedido.ts
FN:28,(anonymous_0)
FN:34,(anonymous_1)
FN:35,(anonymous_2)
FNF:3
FNH:3
FNDA:2,(anonymous_0)
FNDA:2,(anonymous_1)
FNDA:2,(anonymous_2)
DA:3,2
DA:5,2
DA:21,2
DA:29,2
DA:30,2
DA:31,2
DA:35,2
DA:36,2
DA:37,2
LF:9
LH:9
BRF:0
BRH:0
end_of_record
TN:
SF:src\infra\database\memory\cliente\repositories\clientesMemoria.repository.ts
FN:17,(anonymous_7)
FN:21,(anonymous_8)
FN:22,(anonymous_10)
FN:25,(anonymous_11)
FN:32,(anonymous_13)
FN:76,(anonymous_15)
FN:77,(anonymous_17)
FN:80,(anonymous_18)
FN:86,(anonymous_19)
FN:88,(anonymous_21)
FN:90,(anonymous_22)
FN:99,(anonymous_23)
FNF:12
FNH:12
FNDA:6,(anonymous_7)
FNDA:7,(anonymous_8)
FNDA:30,(anonymous_10)
FNDA:2,(anonymous_11)
FNDA:15,(anonymous_13)
FNDA:2,(anonymous_15)
FNDA:2,(anonymous_17)
FNDA:6,(anonymous_18)
FNDA:17,(anonymous_19)
FNDA:10,(anonymous_21)
FNDA:10,(anonymous_22)
FNDA:25,(anonymous_23)
DA:9,4
DA:11,4
DA:13,4
DA:15,4
DA:18,6
DA:22,30
DA:26,2
DA:27,2
DA:28,1
DA:29,1
DA:34,15
DA:39,15
DA:40,1
DA:44,14
DA:49,14
DA:50,1
DA:54,13
DA:59,13
DA:60,1
DA:63,12
DA:68,12
DA:69,11
DA:70,11
DA:71,11
DA:72,11
DA:73,11
DA:77,2
DA:78,2
DA:79,1
DA:80,1
DA:81,6
DA:83,1
DA:87,17
DA:89,10
DA:90,10
DA:92,10
DA:94,10
DA:100,25
DA:101,4
DA:102,4
DA:109,3
DA:111,22
LF:42
LH:42
BRDA:18,0,0,6
BRDA:18,0,1,4
BRDA:27,1,0,1
BRDA:34,2,0,15
BRDA:34,2,1,8
BRDA:39,3,0,1
BRDA:44,4,0,14
BRDA:44,4,1,8
BRDA:49,5,0,1
BRDA:54,6,0,13
BRDA:54,6,1,9
BRDA:59,7,0,1
BRDA:68,8,0,1
BRDA:68,9,0,12
BRDA:68,9,1,2
BRDA:69,10,0,10
BRDA:78,11,0,1
BRDA:88,12,0,9
BRDA:88,12,1,8
BRDA:88,13,0,17
BRDA:88,13,1,17
BRDA:92,14,0,1
BRDA:92,15,0,10
BRDA:92,15,1,5
BRDA:102,16,0,3
BRDA:104,17,0,4
BRDA:104,17,1,4
BRDA:104,17,2,3
BRF:28
BRH:28
end_of_record
TN:
SF:src\infra\database\memory\cliente\seeders\cliente.seeder.ts
FN:7,(anonymous_7)
FN:13,(anonymous_8)
FN:20,(anonymous_10)
FN:20,(anonymous_11)
FNF:4
FNH:4
FNDA:3,(anonymous_7)
FNDA:2,(anonymous_8)
FNDA:10,(anonymous_10)
FNDA:10,(anonymous_11)
DA:4,3
DA:6,3
DA:8,3
DA:9,3
DA:14,2
DA:15,2
DA:18,2
DA:19,2
DA:20,10
DA:21,10
DA:25,2
DA:27,0
LF:12
LH:11
BRF:0
BRH:0
end_of_record
TN:
SF:src\infra\database\memory\item\repositories\itemMemoria.repository.ts
FN:17,(anonymous_7)
FN:21,(anonymous_8)
FN:22,(anonymous_10)
FN:28,(anonymous_11)
FN:35,(anonymous_13)
FN:54,(anonymous_15)
FN:55,(anonymous_17)
FN:59,(anonymous_18)
FN:65,(anonymous_19)
FN:67,(anonymous_21)
FN:69,(anonymous_22)
FN:78,(anonymous_23)
FNF:12
FNH:12
FNDA:5,(anonymous_7)
FNDA:6,(anonymous_8)
FNDA:38,(anonymous_10)
FNDA:2,(anonymous_11)
FNDA:15,(anonymous_13)
FNDA:3,(anonymous_15)
FNDA:3,(anonymous_17)
FNDA:18,(anonymous_18)
FNDA:7,(anonymous_19)
FNDA:6,(anonymous_21)
FNDA:6,(anonymous_22)
FNDA:1,(anonymous_23)
DA:9,4
DA:11,4
DA:13,4
DA:15,4
DA:18,5
DA:22,6
DA:23,38
DA:24,38
DA:29,2
DA:30,2
DA:31,1
DA:32,1
DA:36,15
DA:44,1
DA:47,14
DA:48,14
DA:49,14
DA:50,14
DA:51,14
DA:55,3
DA:56,3
DA:57,2
DA:58,2
DA:59,2
DA:60,18
DA:62,2
DA:66,7
DA:68,6
DA:69,6
DA:71,6
DA:73,6
DA:79,1
DA:80,1
DA:82,1
DA:84,1
LF:35
LH:35
BRDA:18,0,0,5
BRDA:18,0,1,4
BRDA:23,1,0,38
BRDA:23,1,1,1
BRDA:23,1,2,1
BRDA:24,2,0,38
BRDA:24,2,1,38
BRDA:30,3,0,1
BRDA:36,4,0,1
BRDA:37,5,0,15
BRDA:37,5,1,2
BRDA:49,6,0,13
BRDA:56,7,0,1
BRDA:67,8,0,5
BRDA:67,8,1,2
BRDA:67,9,0,7
BRDA:67,9,1,7
BRDA:71,10,0,1
BRDA:71,11,0,6
BRDA:71,11,1,6
BRDA:82,12,0,0
BRDA:82,13,0,1
BRDA:82,13,1,0
BRF:23
BRH:21
end_of_record
TN:
SF:src\infra\database\memory\item\seeders\item.seeder.ts
FN:7,(anonymous_7)
FN:13,(anonymous_8)
FN:19,(anonymous_10)
FN:19,(anonymous_11)
FNF:4
FNH:4
FNDA:2,(anonymous_7)
FNDA:1,(anonymous_8)
FNDA:12,(anonymous_10)
FNDA:12,(anonymous_11)
DA:4,2
DA:6,2
DA:8,2
DA:9,2
DA:14,1
DA:15,1
DA:18,1
DA:19,12
DA:20,12
DA:24,1
DA:26,0
LF:11
LH:10
BRF:0
BRH:0
end_of_record
TN:
SF:src\infra\database\memory\pedido\repositories\pedidosMemoria.repository.ts
FN:11,(anonymous_7)
FN:15,(anonymous_8)
FN:18,(anonymous_10)
FN:22,(anonymous_11)
FN:29,(anonymous_12)
FN:36,(anonymous_14)
FN:44,(anonymous_16)
FN:45,(anonymous_18)
FN:48,(anonymous_19)
FN:54,(anonymous_20)
FN:56,(anonymous_22)
FN:58,(anonymous_23)
FNF:12
FNH:11
FNDA:2,(anonymous_7)
FNDA:5,(anonymous_8)
FNDA:4,(anonymous_10)
FNDA:0,(anonymous_11)
FNDA:2,(anonymous_12)
FNDA:2,(anonymous_14)
FNDA:1,(anonymous_16)
FNDA:1,(anonymous_18)
FNDA:5,(anonymous_19)
FNDA:2,(anonymous_20)
FNDA:2,(anonymous_22)
FNDA:2,(anonymous_23)
DA:3,2
DA:4,2
DA:5,2
DA:7,2
DA:9,2
DA:12,2
DA:16,5
DA:17,5
DA:19,4
DA:20,4
DA:23,0
DA:24,0
DA:25,0
DA:30,2
DA:31,2
DA:32,1
DA:33,1
DA:37,2
DA:38,1
DA:39,1
DA:40,1
DA:41,1
DA:45,1
DA:46,1
DA:47,1
DA:48,1
DA:49,5
DA:51,1
DA:55,2
DA:57,2
DA:58,2
DA:60,2
DA:62,2
LF:33
LH:30
BRDA:12,0,0,2
BRDA:12,0,1,2
BRDA:19,1,0,4
BRDA:19,1,1,2
BRDA:19,1,2,2
BRDA:20,2,0,4
BRDA:20,2,1,4
BRDA:31,3,0,1
BRDA:37,4,0,1
BRDA:37,5,0,2
BRDA:37,5,1,1
BRDA:37,5,2,1
BRDA:39,6,0,1
BRDA:46,7,0,0
BRDA:56,8,0,1
BRDA:56,8,1,1
BRDA:56,9,0,2
BRDA:56,9,1,2
BRDA:60,10,0,1
BRDA:60,11,0,2
BRDA:60,11,1,2
BRF:21
BRH:20
end_of_record
TN:
SF:src\shared\adapters\jsonDataReader.ts
FN:9,(anonymous_0)
FN:10,(anonymous_1)
FN:11,(anonymous_2)
FNF:3
FNH:3
FNDA:3,(anonymous_0)
FNDA:3,(anonymous_1)
FNDA:3,(anonymous_2)
DA:2,3
DA:8,3
DA:10,3
DA:11,3
DA:12,3
DA:13,3
DA:14,3
DA:15,3
LF:8
LH:8
BRDA:12,0,0,0
BRDA:13,1,0,0
BRF:2
BRH:0
end_of_record
TN:
SF:src\shared\exceptions\cpfInvalido.exception.ts
FN:4,(anonymous_0)
FNF:1
FNH:1
FNDA:1,(anonymous_0)
DA:1,2
DA:3,2
DA:5,1
LF:3
LH:3
BRF:0
BRH:0
end_of_record
TN:
SF:src\shared\exceptions\dtoValidationError.exception.ts
FN:4,(anonymous_0)
FN:7,(anonymous_1)
FNF:2
FNH:2
FNDA:2,(anonymous_0)
FNDA:2,(anonymous_1)
DA:1,3
DA:3,3
DA:5,2
DA:6,2
DA:8,2
DA:12,2
LF:6
LH:6
BRF:0
BRH:0
end_of_record
TN:
SF:src\shared\exceptions\index.ts
FNF:0
FNH:0
DA:1,1
DA:2,1
DA:3,1
DA:4,1
DA:5,1
DA:6,1
DA:7,1
DA:8,1
DA:9,1
LF:9
LH:9
BRF:0
BRH:0
end_of_record
TN:
SF:src\shared\exceptions\registroExistente.exception.ts
FN:4,(anonymous_0)
FNF:1
FNH:1
FNDA:5,(anonymous_0)
DA:1,6
DA:3,6
DA:5,5
LF:3
LH:3
BRDA:5,0,0,3
BRDA:5,0,1,2
BRDA:5,1,0,5
BRDA:5,1,1,5
BRDA:5,2,0,0
BRDA:5,2,1,2
BRDA:5,3,0,2
BRDA:5,3,1,2
BRF:8
BRH:7
end_of_record
TN:
SF:src\shared\exceptions\registroInexistente.exception.ts
FN:4,(anonymous_0)
FNF:1
FNH:1
FNDA:5,(anonymous_0)
DA:1,6
DA:3,6
DA:5,5
LF:3
LH:3
BRDA:5,0,0,0
BRDA:5,0,1,5
BRDA:5,1,0,5
BRDA:5,1,1,5
BRDA:5,2,0,3
BRDA:5,2,1,2
BRDA:5,3,0,5
BRDA:5,3,1,5
BRF:8
BRH:7
end_of_record
